The following actions will be performed:
  - install rashell 0.2.1

=-=- Gathering sources =-=-=-=-=-=-=-=-=-=-=-=-=-=-=-=-=-=-=-=-=-=-=-=-=-=-=-=-=
[rashell: http] Command started
[rashell: http] Command started
[rashell.0.2.1] https://github.com/michipili/rashell/releases/download/v0.2.1/rashell-0.2.1.tar.xz downloaded

=-=- Processing actions -=-=-=-=-=-=-=-=-=-=-=-=-=-=-=-=-=-=-=-=-=-=-=-=-=-=-=-=
[rashell: ./configure] Command started
+ ./configure "--prefix" "/home/doligez/opamcheck/sandbox2/opamstate/4.07.0+pr2051/dotopam/4.07.0+pr2051" (CWD=/home/doligez/opamcheck/sandbox2/opamstate/4.07.0+pr2051/dotopam/4.07.0+pr2051/build/rashell.0.2.1)
- checking for ocamlc... ocamlc
- OCaml version is 4.07.1+dev0-2018-07-10
- OCaml library path is /home/doligez/opamcheck/sandbox2/opamstate/4.07.0+pr2051/dotopam/4.07.0+pr2051/lib/ocaml
- checking for ocamlopt... ocamlopt
- checking for ocamlc.opt... ocamlc.opt
- checking for ocamlopt.opt... ocamlopt.opt
- checking for dynlink.cmxa... yes
- checking for ocaml... ocaml
- checking for ocamldep... ocamldep
- checking for ocamlmktop... ocamlmktop
- checking for ocamlmklib... ocamlmklib
- checking for ocamldoc... ocamldoc
- checking for ocamlbuild... ocamlbuild
- checking for ocamlfind... ocamlfind
- checking for findlib package broken... found
- checking for findlib package lwt.unix... found
- checking for findlib package lwt.ppx... not found
- configure: error: OCaml findlib package lwt.ppx not found.
- checking for ocamlc... ocamlc
- OCaml version is 4.07.1+dev0-2018-07-10
- OCaml library path is /home/doligez/opamcheck/sandbox2/opamstate/4.07.0+pr2051/dotopam/4.07.0+pr2051/lib/ocaml
- checking for ocamlopt... ocamlopt
- checking for ocamlc.opt... ocamlc.opt
- checking for ocamlopt.opt... ocamlopt.opt
- checking for dynlink.cmxa... yes
- checking for ocaml... ocaml
- checking for ocamldep... ocamldep
- checking for ocamlmktop... ocamlmktop
- checking for ocamlmklib... ocamlmklib
- checking for ocamldoc... ocamldoc
- checking for ocamlbuild... ocamlbuild
- checking for ocamlfind... ocamlfind
- checking for findlib package broken... found
- checking for findlib package lwt.unix... found
- checking for findlib package lwt.ppx... not found
- configure: error: OCaml findlib package lwt.ppx not found.
[ERROR] The compilation of rashell failed at "./configure --prefix
        /home/doligez/opamcheck/sandbox2/opamstate/4.07.0+pr2051/dotopam/4.07.0+pr2051".
[rashell: ocamlfind remove] Command started
+ ocamlfind "remove" "rashell" (CWD=/home/doligez/opamcheck/sandbox2/opamstate/4.07.0+pr2051/dotopam/4.07.0+pr2051/build/rashell.0.2.1)
- checking for ocamlc... ocamlc
- OCaml version is 4.07.1+dev0-2018-07-10
- OCaml library path is /home/doligez/opamcheck/sandbox2/opamstate/4.07.0+pr2051/dotopam/4.07.0+pr2051/lib/ocaml
- checking for ocamlopt... ocamlopt
- checking for ocamlc.opt... ocamlc.opt
- checking for ocamlopt.opt... ocamlopt.opt
- checking for dynlink.cmxa... yes
- checking for ocaml... ocaml
- checking for ocamldep... ocamldep
- checking for ocamlmktop... ocamlmktop
- checking for ocamlmklib... ocamlmklib
- checking for ocamldoc... ocamldoc
- checking for ocamlbuild... ocamlbuild
- checking for ocamlfind... ocamlfind
- checking for findlib package broken... found
- checking for findlib package lwt.unix... found
- checking for findlib package lwt.ppx... not found
- configure: error: OCaml findlib package lwt.ppx not found.
- ocamlfind: [WARNING] No such file: /home/doligez/opamcheck/sandbox2/opamstate/4.07.0+pr2051/dotopam/4.07.0+pr2051/lib/rashell/META
- checking for ocamlc... ocamlc
- OCaml version is 4.07.1+dev0-2018-07-10
- OCaml library path is /home/doligez/opamcheck/sandbox2/opamstate/4.07.0+pr2051/dotopam/4.07.0+pr2051/lib/ocaml
- checking for ocamlopt... ocamlopt
- checking for ocamlc.opt... ocamlc.opt
- checking for ocamlopt.opt... ocamlopt.opt
- checking for dynlink.cmxa... yes
- checking for ocaml... ocaml
- checking for ocamldep... ocamldep
- checking for ocamlmktop... ocamlmktop
- checking for ocamlmklib... ocamlmklib
- checking for ocamldoc... ocamldoc
- checking for ocamlbuild... ocamlbuild
- checking for ocamlfind... ocamlfind
- checking for findlib package broken... found
- checking for findlib package lwt.unix... found
- checking for findlib package lwt.ppx... not found
- configure: error: OCaml findlib package lwt.ppx not found.
- ocamlfind: [WARNING] No such file: /home/doligez/opamcheck/sandbox2/opamstate/4.07.0+pr2051/dotopam/4.07.0+pr2051/lib/rashell/META
[rashell: rm] Command started
+ rm "-rf" "/home/doligez/opamcheck/sandbox2/opamstate/4.07.0+pr2051/dotopam/4.07.0+pr2051/share/doc/rashell" (CWD=/home/doligez/opamcheck/sandbox2/opamstate/4.07.0+pr2051/dotopam/4.07.0+pr2051/build/rashell.0.2.1)
- checking for ocamlc... ocamlc
- OCaml version is 4.07.1+dev0-2018-07-10
- OCaml library path is /home/doligez/opamcheck/sandbox2/opamstate/4.07.0+pr2051/dotopam/4.07.0+pr2051/lib/ocaml
- checking for ocamlopt... ocamlopt
- checking for ocamlc.opt... ocamlc.opt
- checking for ocamlopt.opt... ocamlopt.opt
- checking for dynlink.cmxa... yes
- checking for ocaml... ocaml
- checking for ocamldep... ocamldep
- checking for ocamlmktop... ocamlmktop
- checking for ocamlmklib... ocamlmklib
- checking for ocamldoc... ocamldoc
- checking for ocamlbuild... ocamlbuild
- checking for ocamlfind... ocamlfind
- checking for findlib package broken... found
- checking for findlib package lwt.unix... found
- checking for findlib package lwt.ppx... not found
- configure: error: OCaml findlib package lwt.ppx not found.
- ocamlfind: [WARNING] No such file: /home/doligez/opamcheck/sandbox2/opamstate/4.07.0+pr2051/dotopam/4.07.0+pr2051/lib/rashell/META
- checking for ocamlc... ocamlc
- OCaml version is 4.07.1+dev0-2018-07-10
- OCaml library path is /home/doligez/opamcheck/sandbox2/opamstate/4.07.0+pr2051/dotopam/4.07.0+pr2051/lib/ocaml
- checking for ocamlopt... ocamlopt
- checking for ocamlc.opt... ocamlc.opt
- checking for ocamlopt.opt... ocamlopt.opt
- checking for dynlink.cmxa... yes
- checking for ocaml... ocaml
- checking for ocamldep... ocamldep
- checking for ocamlmktop... ocamlmktop
- checking for ocamlmklib... ocamlmklib
- checking for ocamldoc... ocamldoc
- checking for ocamlbuild... ocamlbuild
- checking for ocamlfind... ocamlfind
- checking for findlib package broken... found
- checking for findlib package lwt.unix... found
- checking for findlib package lwt.ppx... not found
- configure: error: OCaml findlib package lwt.ppx not found.
- ocamlfind: [WARNING] No such file: /home/doligez/opamcheck/sandbox2/opamstate/4.07.0+pr2051/dotopam/4.07.0+pr2051/lib/rashell/META

#=== ERROR while installing rashell.0.2.1 =====================================#
# opam-version         1.2.2+dd (3852ba0a7708d4dc37f64dd4cd00f873bf317ac0)
# os                   linux
# command              ./configure --prefix /home/doligez/opamcheck/sandbox2/opamstate/4.07.0+pr2051/dotopam/4.07.0+pr2051
# path                 /home/doligez/opamcheck/sandbox2/opamstate/4.07.0+pr2051/dotopam/4.07.0+pr2051/build/rashell.0.2.1
# compiler             4.07.0+pr2051
# exit-code            1
# env-file             /home/doligez/opamcheck/sandbox2/opamstate/4.07.0+pr2051/dotopam/4.07.0+pr2051/build/rashell.0.2.1/rashell-29952.env
# stdout-file          /home/doligez/opamcheck/sandbox2/opamstate/4.07.0+pr2051/dotopam/4.07.0+pr2051/build/rashell.0.2.1/rashell-29952.out
# stderr-file          /home/doligez/opamcheck/sandbox2/opamstate/4.07.0+pr2051/dotopam/4.07.0+pr2051/build/rashell.0.2.1/rashell-29952.out
### stdout ###
# [...]
# checking for ocamldep... ocamldep
# checking for ocamlmktop... ocamlmktop
# checking for ocamlmklib... ocamlmklib
# checking for ocamldoc... ocamldoc
# checking for ocamlbuild... ocamlbuild
# checking for ocamlfind... ocamlfind
# checking for findlib package broken... found
# checking for findlib package lwt.unix... found
# checking for findlib package lwt.ppx... not found
# configure: error: OCaml findlib package lwt.ppx not found.
### stderr ###
# [...]
# checking for ocamldep... ocamldep
# checking for ocamlmktop... ocamlmktop
# checking for ocamlmklib... ocamlmklib
# checking for ocamldoc... ocamldoc
# checking for ocamlbuild... ocamlbuild
# checking for ocamlfind... ocamlfind
# checking for findlib package broken... found
# checking for findlib package lwt.unix... found
# checking for findlib package lwt.ppx... not found
# configure: error: OCaml findlib package lwt.ppx not found.



=-=- Error report -=-=-=-=-=-=-=-=-=-=-=-=-=-=-=-=-=-=-=-=-=-=-=-=-=-=-=-=-=-=-=
The following actions failed
  - install rashell 0.2.1
No changes have been performed
'opam install rashell.0.2.1' failed.
